<?xml version="1.0" encoding="UTF-8"?>
<!-- Generated by org.testng.reporters.JUnitReportReporter -->
<testsuite hostname="DESKTOP-KTHSCGN" failures="1" tests="4" name="com.selenium.seleniumTestNG.advanced.TestReportGeneration" time="0.996" errors="0" timestamp="2024-03-12T18:15:56 CET" skipped="0">
  <testcase classname="com.selenium.seleniumTestNG.advanced.TestReportGeneration" name="reporterTest3" time="0.001">
    <system-out>
      <![CDATA[Method name is - reporterTest3
Status of execution is - 1]]>
    </system-out>
  </testcase> <!-- reporterTest3 -->
  <testcase classname="com.selenium.seleniumTestNG.advanced.TestReportGeneration" name="reporterTest2" time="0.000">
    <system-out>
      <![CDATA[Method name is - reporterTest2
Status of execution is - 1]]>
    </system-out>
  </testcase> <!-- reporterTest2 -->
  <testcase classname="com.selenium.seleniumTestNG.advanced.TestReportGeneration" name="reporterTest4" time="0.000">
    <system-out>
      <![CDATA[Method name is - reporterTest4
Status of execution is - 1]]>
    </system-out>
  </testcase> <!-- reporterTest4 -->
  <testcase classname="com.selenium.seleniumTestNG.advanced.TestReportGeneration" name="reporterTest1" time="0.995">
    <failure message="null" type="java.lang.AssertionError">
      <![CDATA[java.lang.AssertionError: null
at org.testng.Assert.fail(Assert.java:111)
at org.testng.Assert.fail(Assert.java:116)
at com.selenium.seleniumTestNG.advanced.TestReportGeneration.reporterTest1(TestReportGeneration.java:17)
at java.base/jdk.internal.reflect.DirectMethodHandleAccessor.invoke(DirectMethodHandleAccessor.java:103)
at java.base/java.lang.reflect.Method.invoke(Method.java:580)
at org.testng.internal.invokers.MethodInvocationHelper.invokeMethod(MethodInvocationHelper.java:139)
at org.testng.internal.invokers.TestInvoker.invokeMethod(TestInvoker.java:664)
at org.testng.internal.invokers.TestInvoker.invokeTestMethod(TestInvoker.java:228)
at org.testng.internal.invokers.MethodRunner.runInSequence(MethodRunner.java:63)
at org.testng.internal.invokers.TestInvoker$MethodInvocationAgent.invoke(TestInvoker.java:961)
at org.testng.internal.invokers.TestInvoker.invokeTestMethods(TestInvoker.java:201)
at org.testng.internal.invokers.TestMethodWorker.invokeTestMethods(TestMethodWorker.java:148)
at org.testng.internal.invokers.TestMethodWorker.run(TestMethodWorker.java:128)
at java.base/java.util.ArrayList.forEach(ArrayList.java:1596)
at org.testng.TestRunner.privateRun(TestRunner.java:819)
at org.testng.TestRunner.run(TestRunner.java:619)
at org.testng.SuiteRunner.runTest(SuiteRunner.java:443)
at org.testng.SuiteRunner.runSequentially(SuiteRunner.java:437)
at org.testng.SuiteRunner.privateRun(SuiteRunner.java:397)
at org.testng.SuiteRunner.run(SuiteRunner.java:336)
at org.testng.SuiteRunnerWorker.runSuite(SuiteRunnerWorker.java:52)
at org.testng.SuiteRunnerWorker.run(SuiteRunnerWorker.java:95)
at org.testng.TestNG.runSuitesSequentially(TestNG.java:1301)
at org.testng.TestNG.runSuitesLocally(TestNG.java:1228)
at org.testng.TestNG.runSuites(TestNG.java:1134)
at org.testng.TestNG.run(TestNG.java:1101)
at com.intellij.rt.testng.IDEARemoteTestNG.run(IDEARemoteTestNG.java:65)
at com.intellij.rt.testng.RemoteTestNGStarter.main(RemoteTestNGStarter.java:105)
]]>
    </failure>
    <system-out>
      <![CDATA[Method name is - reporterTest1
This is test1
<a href="X:\NAUKA TESTOWANIA\Projekty\PraticeSelenium\src\test\java\com\selenium\seleniumTestNG\advanced\screenshot">Test Results</a>]]>
    </system-out>
  </testcase> <!-- reporterTest1 -->
  <system-out>
    <![CDATA[Method name is - reporterTest1
This is test1
<a href="X:\NAUKA TESTOWANIA\Projekty\PraticeSelenium\src\test\java\com\selenium\seleniumTestNG\advanced\screenshot">Test Results</a>
Method name is - reporterTest2
Status of execution is - 1
Method name is - reporterTest3
Status of execution is - 1
Method name is - reporterTest4
Status of execution is - 1]]>
  </system-out>
</testsuite> <!-- com.selenium.seleniumTestNG.advanced.TestReportGeneration -->
