<?xml version="1.0" encoding="UTF-8"?>
<!-- Generated by org.testng.reporters.JUnitXMLReporter -->
<testsuite ignored="0" hostname="DESKTOP-KTHSCGN" failures="1" tests="4" name="Report" time="1.163" errors="0" timestamp="2024-03-12T18:15:55 CET">
  <testcase classname="com.selenium.seleniumTestNG.advanced.TestReportGeneration" name="reporterTest1" time="0.995">
    <failure type="java.lang.AssertionError" message="null">
      <![CDATA[java.lang.AssertionError: null
at com.selenium.seleniumTestNG.advanced.TestReportGeneration.reporterTest1(TestReportGeneration.java:17)
at java.base/java.util.ArrayList.forEach(ArrayList.java:1596)
at com.intellij.rt.testng.IDEARemoteTestNG.run(IDEARemoteTestNG.java:65)
at com.intellij.rt.testng.RemoteTestNGStarter.main(RemoteTestNGStarter.java:105)
... Removed 24 stack frames]]>
    </failure>
  </testcase> <!-- reporterTest1 -->
  <testcase classname="com.selenium.seleniumTestNG.advanced.TestReportGeneration" name="reporterTest2" time="0.0"/>
  <testcase classname="com.selenium.seleniumTestNG.advanced.TestReportGeneration" name="reporterTest3" time="0.001"/>
  <testcase classname="com.selenium.seleniumTestNG.advanced.TestReportGeneration" name="reporterTest4" time="0.0"/>
</testsuite> <!-- Report -->
